<?xml version="1.0" encoding="UTF-8"?>
<testsuite name="tietorakenne.TrieTest" tests="5" skipped="0" failures="0" errors="0" timestamp="2021-09-25T19:44:00" hostname="iida-UX305FA" time="0.018">
  <properties/>
  <testcase name="tekstinMuokkausToimii" classname="tietorakenne.TrieTest" time="0.007"/>
  <testcase name="hakuOsallaLauseellaToimii" classname="tietorakenne.TrieTest" time="0.002"/>
  <testcase name="olematonSanaEiLoydy" classname="tietorakenne.TrieTest" time="0.001"/>
  <testcase name="lisaaTekstiToimii" classname="tietorakenne.TrieTest" time="0.003"/>
  <testcase name="lisaaLauseToimii" classname="tietorakenne.TrieTest" time="0.0"/>
  <system-out><![CDATA[]]></system-out>
  <system-err><![CDATA[]]></system-err>
</testsuite>
