<?xml version="1.0" encoding="UTF-8"?>
<testsuite name="tietorakenne.TrieTest" tests="2" skipped="0" failures="0" errors="0" timestamp="2021-09-18T11:56:49" hostname="iida-UX305FA" time="0.001">
  <properties/>
  <testcase name="lisaaSanaToimii" classname="tietorakenne.TrieTest" time="0.0"/>
  <testcase name="olematonSanaEiLoydy" classname="tietorakenne.TrieTest" time="0.0"/>
  <system-out><![CDATA[]]></system-out>
  <system-err><![CDATA[]]></system-err>
</testsuite>
