<?xml version="1.0" encoding="UTF-8"?>
<testsuite name="tietorakenne.TrieTest" tests="2" skipped="0" failures="0" errors="0" timestamp="2021-09-15T17:04:04" hostname="iida-UX305FA" time="0.008">
  <properties/>
  <testcase name="lisaaSanaToimii" classname="tietorakenne.TrieTest" time="0.007"/>
  <testcase name="olematonSanaEiLoydy" classname="tietorakenne.TrieTest" time="0.001"/>
  <system-out><![CDATA[]]></system-out>
  <system-err><![CDATA[]]></system-err>
</testsuite>
